<?xml version="1.0" encoding="UTF-8"?>
<!-- Generated by org.testng.reporters.JUnitReportReporter -->
<testsuite skipped="0" hostname="R01-VROSXW0102" name="tests.TC001_Verify_Jira_issues" tests="1" failures="0" timestamp="2020-07-20T19:21:39 IST" time="673.735" errors="0">
  <testcase name="getTableCount" time="673.735" classname="tests.TC001_Verify_Jira_issues"/>
  <system-out/>
</testsuite> <!-- tests.TC001_Verify_Jira_issues -->
