<?xml version="1.0" encoding="UTF-8"?>
<!-- Generated by org.testng.reporters.JUnitReportReporter -->
<testsuite skipped="0" hostname="R01-VROSXW0102" name="tests.TC010_Verify_IssueLinkType" tests="1" failures="0" timestamp="2020-07-22T11:22:54 IST" time="652.990" errors="0">
  <testcase name="getTableCount" time="652.990" classname="tests.TC010_Verify_IssueLinkType"/>
  <system-out/>
</testsuite> <!-- tests.TC010_Verify_IssueLinkType -->
