<?xml version="1.0" encoding="UTF-8"?>
<!-- Generated by org.testng.reporters.JUnitReportReporter -->
<testsuite skipped="0" hostname="R01-VROSXW0102" name="tests.TC004_Verify_Dashboard" tests="1" failures="0" timestamp="2020-07-21T12:35:32 IST" time="777.385" errors="0">
  <testcase name="getTableCount" time="777.385" classname="tests.TC004_Verify_Dashboard"/>
  <system-out/>
</testsuite> <!-- tests.TC004_Verify_Dashboard -->
