<?xml version="1.0" encoding="UTF-8"?>
<!-- Generated by org.testng.reporters.JUnitReportReporter -->
<testsuite skipped="0" hostname="R01-VROSXW0102" name="tests.TC008_Verify_Version_of_the_Cluster" tests="1" failures="0" timestamp="2020-07-21T23:32:17 IST" time="1.678" errors="0">
  <testcase name="verifyVersionofCluster" time="1.678" classname="tests.TC008_Verify_Version_of_the_Cluster"/>
  <system-out/>
</testsuite> <!-- tests.TC008_Verify_Version_of_the_Cluster -->
