<?xml version="1.0" encoding="UTF-8"?>
<!-- Generated by org.testng.reporters.JUnitReportReporter -->
<testsuite skipped="0" hostname="R01-VROSXW0102" name="tests.TC009_Verify_Attachments" tests="1" failures="0" timestamp="2020-07-22T00:44:54 IST" time="657.153" errors="0">
  <testcase name="getTableCount" time="657.153" classname="tests.TC009_Verify_Attachments"/>
  <system-out/>
</testsuite> <!-- tests.TC009_Verify_Attachments -->
