<?xml version="1.0" encoding="UTF-8"?>
<!-- Generated by org.testng.reporters.JUnitReportReporter -->
<testsuite skipped="0" hostname="R01-VROSXW0102" name="tests.TC007_Verify_k8s_cluster_health_is_green" tests="1" failures="0" timestamp="2020-07-21T22:56:29 IST" time="1.722" errors="0">
  <testcase name="verifyKubernetesClusterHealthTobeGreen" time="1.722" classname="tests.TC007_Verify_k8s_cluster_health_is_green"/>
  <system-out/>
</testsuite> <!-- tests.TC007_Verify_k8s_cluster_health_is_green -->
