<?xml version="1.0" encoding="UTF-8"?>
<!-- Generated by org.testng.reporters.JUnitReportReporter -->
<testsuite skipped="0" hostname="R01-VROSXW0102" name="tests.TC009_Verify_Jira_issues" tests="1" failures="0" timestamp="2020-07-20T18:54:33 IST" time="687.326" errors="0">
  <testcase name="getTableCount" time="687.326" classname="tests.TC009_Verify_Jira_issues"/>
  <system-out/>
</testsuite> <!-- tests.TC009_Verify_Jira_issues -->
