<?xml version="1.0" encoding="UTF-8"?>
<!-- Generated by org.testng.reporters.JUnitReportReporter -->
<testsuite skipped="0" hostname="R01-VROSXW0102" name="tests.TC005_Verify_Groups" tests="1" failures="0" timestamp="2020-07-21T11:55:49 IST" time="969.242" errors="0">
  <testcase name="getTableCount" time="969.242" classname="tests.TC005_Verify_Groups"/>
  <system-out/>
</testsuite> <!-- tests.TC005_Verify_Groups -->
