<?xml version="1.0" encoding="UTF-8"?>
<!-- Generated by org.testng.reporters.JUnitReportReporter -->
<testsuite skipped="0" hostname="R01-VROSXW0102" name="tests.TC003_Verify_Username" tests="1" failures="0" timestamp="2020-07-21T00:18:24 IST" time="695.759" errors="0">
  <testcase name="getTableCount" time="695.759" classname="tests.TC003_Verify_Username"/>
  <system-out/>
</testsuite> <!-- tests.TC003_Verify_Username -->
