<?xml version="1.0" encoding="UTF-8"?>
<!-- Generated by org.testng.reporters.JUnitReportReporter -->
<testsuite skipped="0" hostname="R01-VROSXW0102" name="tests.TC002_Verify_Projects" tests="1" failures="0" timestamp="2020-07-21T02:05:20 IST" time="657.935" errors="0">
  <testcase name="getTableCount" time="657.935" classname="tests.TC002_Verify_Projects"/>
  <system-out/>
</testsuite> <!-- tests.TC002_Verify_Projects -->
