<?xml version="1.0" encoding="UTF-8"?>
<!-- Generated by org.testng.reporters.JUnitReportReporter -->
<testsuite skipped="0" hostname="R01-VROSXW0102" name="tests.TC006_Verify_IssueType" tests="1" failures="0" timestamp="2020-07-21T15:25:32 IST" time="745.190" errors="0">
  <testcase name="getTableCount" time="745.190" classname="tests.TC006_Verify_IssueType"/>
  <system-out/>
</testsuite> <!-- tests.TC006_Verify_IssueType -->
